<?xml version="1.0" encoding="UTF-8"?>
<testsuites name="jest tests" tests="1994" failures="0" errors="0" time="41.445">
  <testsuite name="Notification Store - Cleanup Performance (PERF-005)" errors="0" failures="0" skipped="0" timestamp="2025-12-20T07:15:57" time="11.309" tests="13">
    <testcase classname="Notification Store - Cleanup Performance (PERF-005) Cleanup eviction behavior should remove oldest notifications when exceeding limit on load" name="Notification Store - Cleanup Performance (PERF-005) Cleanup eviction behavior should remove oldest notifications when exceeding limit on load" time="1.013">
    </testcase>
    <testcase classname="Notification Store - Cleanup Performance (PERF-005) Cleanup eviction behavior should correctly evict with small excess (&lt; 10%)" name="Notification Store - Cleanup Performance (PERF-005) Cleanup eviction behavior should correctly evict with small excess (&lt; 10%)" time="1.007">
    </testcase>
    <testcase classname="Notification Store - Cleanup Performance (PERF-005) Cleanup eviction behavior should correctly evict with large excess (&gt;= 10%)" name="Notification Store - Cleanup Performance (PERF-005) Cleanup eviction behavior should correctly evict with large excess (&gt;= 10%)" time="1.01">
    </testcase>
    <testcase classname="Notification Store - Cleanup Performance (PERF-005) Cleanup eviction behavior should handle exactly at limit correctly" name="Notification Store - Cleanup Performance (PERF-005) Cleanup eviction behavior should handle exactly at limit correctly" time="0.003">
    </testcase>
    <testcase classname="Notification Store - Cleanup Performance (PERF-005) Cleanup eviction behavior should remove expired notifications before checking size limit" name="Notification Store - Cleanup Performance (PERF-005) Cleanup eviction behavior should remove expired notifications before checking size limit" time="1.013">
    </testcase>
    <testcase classname="Notification Store - Cleanup Performance (PERF-005) Cleanup eviction behavior should handle single notification over limit" name="Notification Store - Cleanup Performance (PERF-005) Cleanup eviction behavior should handle single notification over limit" time="1.006">
    </testcase>
    <testcase classname="Notification Store - Cleanup Performance (PERF-005) Cleanup eviction behavior should maintain correct order when evicting" name="Notification Store - Cleanup Performance (PERF-005) Cleanup eviction behavior should maintain correct order when evicting" time="1.008">
    </testcase>
    <testcase classname="Notification Store - Cleanup Performance (PERF-005) Cleanup eviction behavior should call cleanup explicitly and remove excess" name="Notification Store - Cleanup Performance (PERF-005) Cleanup eviction behavior should call cleanup explicitly and remove excess" time="1.008">
    </testcase>
    <testcase classname="Notification Store - Cleanup Performance (PERF-005) Performance characteristics should complete cleanup logic quickly" name="Notification Store - Cleanup Performance (PERF-005) Performance characteristics should complete cleanup logic quickly" time="1.005">
    </testcase>
    <testcase classname="Notification Store - Cleanup Performance (PERF-005) Performance characteristics should not create unnecessary intermediate arrays" name="Notification Store - Cleanup Performance (PERF-005) Performance characteristics should not create unnecessary intermediate arrays" time="1.006">
    </testcase>
    <testcase classname="Notification Store - Cleanup Performance (PERF-005) Performance characteristics PERF-005 micro-benchmark: cleanup with 1000 items completes in &lt;10ms" name="Notification Store - Cleanup Performance (PERF-005) Performance characteristics PERF-005 micro-benchmark: cleanup with 1000 items completes in &lt;10ms" time="1.011">
    </testcase>
    <testcase classname="Notification Store - Cleanup Performance (PERF-005) Edge cases should handle empty notifications" name="Notification Store - Cleanup Performance (PERF-005) Edge cases should handle empty notifications" time="0.001">
    </testcase>
    <testcase classname="Notification Store - Cleanup Performance (PERF-005) Edge cases should handle notifications with identical timestamps" name="Notification Store - Cleanup Performance (PERF-005) Edge cases should handle notifications with identical timestamps" time="1.006">
    </testcase>
  </testsuite>
  <testsuite name="PERF-001: Notification cleanup optimization" errors="0" failures="0" skipped="0" timestamp="2025-12-20T07:15:57" time="11.335" tests="13">
    <testcase classname="PERF-001: Notification cleanup optimization Correctness: Linear scan (excess &lt;= 10) should keep newest notifications when excess = 5" name="PERF-001: Notification cleanup optimization Correctness: Linear scan (excess &lt;= 10) should keep newest notifications when excess = 5" time="1.015">
    </testcase>
    <testcase classname="PERF-001: Notification cleanup optimization Correctness: Linear scan (excess &lt;= 10) should keep newest notifications when excess = 10" name="PERF-001: Notification cleanup optimization Correctness: Linear scan (excess &lt;= 10) should keep newest notifications when excess = 10" time="1.012">
    </testcase>
    <testcase classname="PERF-001: Notification cleanup optimization Correctness: Min-heap (excess &gt; 10) should keep newest notifications when excess = 11 (min-heap threshold)" name="PERF-001: Notification cleanup optimization Correctness: Min-heap (excess &gt; 10) should keep newest notifications when excess = 11 (min-heap threshold)" time="1.01">
    </testcase>
    <testcase classname="PERF-001: Notification cleanup optimization Correctness: Min-heap (excess &gt; 10) should keep newest notifications when excess = 50" name="PERF-001: Notification cleanup optimization Correctness: Min-heap (excess &gt; 10) should keep newest notifications when excess = 50" time="1.012">
    </testcase>
    <testcase classname="PERF-001: Notification cleanup optimization Correctness: Min-heap (excess &gt; 10) should keep newest notifications when excess = 200" name="PERF-001: Notification cleanup optimization Correctness: Min-heap (excess &gt; 10) should keep newest notifications when excess = 200" time="1.008">
    </testcase>
    <testcase classname="PERF-001: Notification cleanup optimization Performance: Benchmark cleanup speed benchmark: 1000 notifications with 5 excess should complete &lt; 5ms" name="PERF-001: Notification cleanup optimization Performance: Benchmark cleanup speed benchmark: 1000 notifications with 5 excess should complete &lt; 5ms" time="1.015">
    </testcase>
    <testcase classname="PERF-001: Notification cleanup optimization Performance: Benchmark cleanup speed benchmark: 1000 notifications with 50 excess should complete &lt; 5ms" name="PERF-001: Notification cleanup optimization Performance: Benchmark cleanup speed benchmark: 1000 notifications with 50 excess should complete &lt; 5ms" time="1.007">
    </testcase>
    <testcase classname="PERF-001: Notification cleanup optimization Performance: Benchmark cleanup speed benchmark: 1000 notifications with 200 excess should complete &lt; 10ms" name="PERF-001: Notification cleanup optimization Performance: Benchmark cleanup speed benchmark: 1000 notifications with 200 excess should complete &lt; 10ms" time="1.01">
    </testcase>
    <testcase classname="PERF-001: Notification cleanup optimization Performance: Benchmark cleanup speed benchmark: 2000 notifications with 1000 excess should complete &lt; 20ms" name="PERF-001: Notification cleanup optimization Performance: Benchmark cleanup speed benchmark: 2000 notifications with 1000 excess should complete &lt; 20ms" time="1.015">
    </testcase>
    <testcase classname="PERF-001: Notification cleanup optimization Edge cases should handle excess = 1 correctly" name="PERF-001: Notification cleanup optimization Edge cases should handle excess = 1 correctly" time="1.011">
    </testcase>
    <testcase classname="PERF-001: Notification cleanup optimization Edge cases should handle no excess (exactly at limit)" name="PERF-001: Notification cleanup optimization Edge cases should handle no excess (exactly at limit)" time="0.006">
    </testcase>
    <testcase classname="PERF-001: Notification cleanup optimization Edge cases should handle below limit" name="PERF-001: Notification cleanup optimization Edge cases should handle below limit" time="0.003">
    </testcase>
    <testcase classname="PERF-001: Notification cleanup optimization TTL expiration should remove expired notifications regardless of count" name="PERF-001: Notification cleanup optimization TTL expiration should remove expired notifications regardless of count" time="1.004">
    </testcase>
  </testsuite>
  <testsuite name="Retry-After Header Tests" errors="0" failures="0" skipped="0" timestamp="2025-12-20T07:16:09" time="6.301" tests="12">
    <testcase classname="Retry-After Header Tests API Rate Limiter should include Retry-After header in 429 response" name="Retry-After Header Tests API Rate Limiter should include Retry-After header in 429 response" time="0.02">
    </testcase>
    <testcase classname="Retry-After Header Tests API Rate Limiter should have consistent retryAfter values in header and body" name="Retry-After Header Tests API Rate Limiter should have consistent retryAfter values in header and body" time="0.006">
    </testcase>
    <testcase classname="Retry-After Header Tests API Rate Limiter should return numeric seconds, not HTTP date" name="Retry-After Header Tests API Rate Limiter should return numeric seconds, not HTTP date" time="0.004">
    </testcase>
    <testcase classname="Retry-After Header Tests API Rate Limiter should have reasonable retry time (&lt; window duration)" name="Retry-After Header Tests API Rate Limiter should have reasonable retry time (&lt; window duration)" time="0.003">
    </testcase>
    <testcase classname="Retry-After Header Tests Notification Rate Limiter should include Retry-After header for notification endpoints" name="Retry-After Header Tests Notification Rate Limiter should include Retry-After header for notification endpoints" time="0.007">
    </testcase>
    <testcase classname="Retry-After Header Tests Health Check Rate Limiter should include Retry-After header for health endpoints" name="Retry-After Header Tests Health Check Rate Limiter should include Retry-After header for health endpoints" time="0.005">
    </testcase>
    <testcase classname="Retry-After Header Tests Paste Image Rate Limiter should include Retry-After header for paste endpoints" name="Retry-After Header Tests Paste Image Rate Limiter should include Retry-After header for paste endpoints" time="0.004">
    </testcase>
    <testcase classname="Retry-After Header Tests Cache Clear Rate Limiter should include Retry-After header for cache clear endpoint" name="Retry-After Header Tests Cache Clear Rate Limiter should include Retry-After header for cache clear endpoint" time="0.002">
    </testcase>
    <testcase classname="Retry-After Header Tests Client Retry Behavior Simulation should allow request after waiting for Retry-After duration" name="Retry-After Header Tests Client Retry Behavior Simulation should allow request after waiting for Retry-After duration" time="6.007">
    </testcase>
    <testcase classname="Retry-After Header Tests Standard Headers Compatibility should include both RateLimit-* and Retry-After headers" name="Retry-After Header Tests Standard Headers Compatibility should include both RateLimit-* and Retry-After headers" time="0.007">
    </testcase>
    <testcase classname="Retry-After Header Tests Error Response Schema Validation should have complete error response schema" name="Retry-After Header Tests Error Response Schema Validation should have complete error response schema" time="0.006">
    </testcase>
    <testcase classname="Retry-After Header Tests Error Response Schema Validation should provide actionable error message" name="Retry-After Header Tests Error Response Schema Validation should provide actionable error message" time="0.004">
    </testcase>
  </testsuite>
  <testsuite name="SSE Cleanup Integration Tests" errors="0" failures="0" skipped="0" timestamp="2025-12-20T07:16:09" time="11.042" tests="24">
    <testcase classname="SSE Cleanup Integration Tests Normal connection and cleanup should increment counters when client connects" name="SSE Cleanup Integration Tests Normal connection and cleanup should increment counters when client connects" time="0.325">
    </testcase>
    <testcase classname="SSE Cleanup Integration Tests Normal connection and cleanup should decrement counters when client disconnects" name="SSE Cleanup Integration Tests Normal connection and cleanup should decrement counters when client disconnects" time="0.466">
    </testcase>
    <testcase classname="SSE Cleanup Integration Tests Normal connection and cleanup should send connected event on connection" name="SSE Cleanup Integration Tests Normal connection and cleanup should send connected event on connection" time="0.309">
    </testcase>
    <testcase classname="SSE Cleanup Integration Tests Premature disconnect scenarios should handle client disconnect before connection fully established" name="SSE Cleanup Integration Tests Premature disconnect scenarios should handle client disconnect before connection fully established" time="0.361">
    </testcase>
    <testcase classname="SSE Cleanup Integration Tests Premature disconnect scenarios should handle multiple rapid connect/disconnect cycles" name="SSE Cleanup Integration Tests Premature disconnect scenarios should handle multiple rapid connect/disconnect cycles" time="0.471">
    </testcase>
    <testcase classname="SSE Cleanup Integration Tests Premature disconnect scenarios should handle connection destroyed during event processing" name="SSE Cleanup Integration Tests Premature disconnect scenarios should handle connection destroyed during event processing" time="0.464">
    </testcase>
    <testcase classname="SSE Cleanup Integration Tests Rapid connect/disconnect stress test should handle 50 rapid connect/disconnect cycles without leaking connections" name="SSE Cleanup Integration Tests Rapid connect/disconnect stress test should handle 50 rapid connect/disconnect cycles without leaking connections" time="0.82">
    </testcase>
    <testcase classname="SSE Cleanup Integration Tests Rapid connect/disconnect stress test should handle concurrent rapid connect/disconnect cycles" name="SSE Cleanup Integration Tests Rapid connect/disconnect stress test should handle concurrent rapid connect/disconnect cycles" time="0.521">
    </testcase>
    <testcase classname="SSE Cleanup Integration Tests Connection limit enforcement should enforce per-IP connection limit" name="SSE Cleanup Integration Tests Connection limit enforcement should enforce per-IP connection limit" time="0.324">
    </testcase>
    <testcase classname="SSE Cleanup Integration Tests Connection limit enforcement should correctly track global connection limit (tested via per-IP)" name="SSE Cleanup Integration Tests Connection limit enforcement should correctly track global connection limit (tested via per-IP)" time="0.315">
    </testcase>
    <testcase classname="SSE Cleanup Integration Tests Connection limit enforcement should allow new connections after others disconnect" name="SSE Cleanup Integration Tests Connection limit enforcement should allow new connections after others disconnect" time="0.57">
    </testcase>
    <testcase classname="SSE Cleanup Integration Tests Counter invariants should never allow globalConnections to go negative" name="SSE Cleanup Integration Tests Counter invariants should never allow globalConnections to go negative" time="0.464">
    </testcase>
    <testcase classname="SSE Cleanup Integration Tests Counter invariants should handle cleanup when counter is already zero" name="SSE Cleanup Integration Tests Counter invariants should handle cleanup when counter is already zero" time="0.363">
    </testcase>
    <testcase classname="SSE Cleanup Integration Tests Counter invariants should maintain accurate per-IP counts across multiple connections" name="SSE Cleanup Integration Tests Counter invariants should maintain accurate per-IP counts across multiple connections" time="0.622">
    </testcase>
    <testcase classname="SSE Cleanup Integration Tests Cleanup robustness should cleanup keepalive interval on disconnect" name="SSE Cleanup Integration Tests Cleanup robustness should cleanup keepalive interval on disconnect" time="0.463">
    </testcase>
    <testcase classname="SSE Cleanup Integration Tests Cleanup robustness should cleanup notification subscription on disconnect" name="SSE Cleanup Integration Tests Cleanup robustness should cleanup notification subscription on disconnect" time="0.463">
    </testcase>
    <testcase classname="SSE Cleanup Integration Tests Cleanup robustness should remove IP from map when last connection closes" name="SSE Cleanup Integration Tests Cleanup robustness should remove IP from map when last connection closes" time="0.464">
    </testcase>
    <testcase classname="SSE Cleanup Integration Tests Cleanup robustness should maintain IP in map when multiple connections from same IP" name="SSE Cleanup Integration Tests Cleanup robustness should maintain IP in map when multiple connections from same IP" time="0.622">
    </testcase>
    <testcase classname="SSE Cleanup Integration Tests Concurrent operations should handle concurrent connections and disconnections" name="SSE Cleanup Integration Tests Concurrent operations should handle concurrent connections and disconnections" time="0.578">
    </testcase>
    <testcase classname="SSE Cleanup Integration Tests Concurrent operations should handle notification events during cleanup" name="SSE Cleanup Integration Tests Concurrent operations should handle notification events during cleanup" time="0.462">
    </testcase>
    <testcase classname="SSE Cleanup Integration Tests Concurrent operations should maintain consistency under concurrency within per-IP limits" name="SSE Cleanup Integration Tests Concurrent operations should maintain consistency under concurrency within per-IP limits" time="0.621">
    </testcase>
    <testcase classname="SSE Cleanup Integration Tests Edge case scenarios should handle connection close before subscription is created" name="SSE Cleanup Integration Tests Edge case scenarios should handle connection close before subscription is created" time="0.362">
    </testcase>
    <testcase classname="SSE Cleanup Integration Tests Edge case scenarios should handle invalid folder path gracefully" name="SSE Cleanup Integration Tests Edge case scenarios should handle invalid folder path gracefully" time="0.209">
    </testcase>
    <testcase classname="SSE Cleanup Integration Tests Edge case scenarios should handle missing folder parameter" name="SSE Cleanup Integration Tests Edge case scenarios should handle missing folder parameter" time="0.211">
    </testcase>
  </testsuite>
  <testsuite name="Notification Store - Save Race Condition Fix" errors="0" failures="0" skipped="0" timestamp="2025-12-20T07:16:15" time="5.851" tests="6">
    <testcase classname="Notification Store - Save Race Condition Fix save() returns a Promise should return a Promise that resolves when save completes" name="Notification Store - Save Race Condition Fix save() returns a Promise should return a Promise that resolves when save completes" time="1.005">
    </testcase>
    <testcase classname="Notification Store - Save Race Condition Fix save() returns a Promise should resolve multiple save() calls with the same promise during debounce window" name="Notification Store - Save Race Condition Fix save() returns a Promise should resolve multiple save() calls with the same promise during debounce window" time="1.004">
    </testcase>
    <testcase classname="Notification Store - Save Race Condition Fix save() returns a Promise should properly debounce saves - last call wins" name="Notification Store - Save Race Condition Fix save() returns a Promise should properly debounce saves - last call wins" time="1.208">
    </testcase>
    <testcase classname="Notification Store - Save Race Condition Fix save() returns a Promise should handle cleanup() which awaits save()" name="Notification Store - Save Race Condition Fix save() returns a Promise should handle cleanup() which awaits save()" time="1.006">
    </testcase>
    <testcase classname="Notification Store - Save Race Condition Fix saveImmediate() with pending saves should resolve pending save promises when saveImmediate() is called" name="Notification Store - Save Race Condition Fix saveImmediate() with pending saves should resolve pending save promises when saveImmediate() is called" time="0.002">
    </testcase>
    <testcase classname="Notification Store - Save Race Condition Fix Backward compatibility should not break existing callers that dont await save()" name="Notification Store - Save Race Condition Fix Backward compatibility should not break existing callers that dont await save()" time="1.504">
    </testcase>
  </testsuite>
  <testsuite name="SSE Race Condition Tests (QUA-007)" errors="0" failures="0" skipped="0" timestamp="2025-12-20T07:16:20" time="5.766" tests="12">
    <testcase classname="SSE Race Condition Tests (QUA-007) Immediate close race conditions should handle connection close immediately after establishment" name="SSE Race Condition Tests (QUA-007) Immediate close race conditions should handle connection close immediately after establishment" time="0.356">
    </testcase>
    <testcase classname="SSE Race Condition Tests (QUA-007) Immediate close race conditions should handle 10 rapid immediate-close cycles without leaks" name="SSE Race Condition Tests (QUA-007) Immediate close race conditions should handle 10 rapid immediate-close cycles without leaks" time="0.52">
    </testcase>
    <testcase classname="SSE Race Condition Tests (QUA-007) Immediate close race conditions should handle close during connection setup phase" name="SSE Race Condition Tests (QUA-007) Immediate close race conditions should handle close during connection setup phase" time="0.358">
    </testcase>
    <testcase classname="SSE Race Condition Tests (QUA-007) Cleanup idempotency should handle multiple close events on same connection" name="SSE Race Condition Tests (QUA-007) Cleanup idempotency should handle multiple close events on same connection" time="0.458">
    </testcase>
    <testcase classname="SSE Race Condition Tests (QUA-007) Cleanup idempotency should prevent resource cleanup if already cleaned" name="SSE Race Condition Tests (QUA-007) Cleanup idempotency should prevent resource cleanup if already cleaned" time="0.514">
    </testcase>
    <testcase classname="SSE Race Condition Tests (QUA-007) Resource leak prevention should not leak keepalive intervals on immediate close" name="SSE Race Condition Tests (QUA-007) Resource leak prevention should not leak keepalive intervals on immediate close" time="0.354">
    </testcase>
    <testcase classname="SSE Race Condition Tests (QUA-007) Resource leak prevention should not leak notification subscriptions on immediate close" name="SSE Race Condition Tests (QUA-007) Resource leak prevention should not leak notification subscriptions on immediate close" time="0.357">
    </testcase>
    <testcase classname="SSE Race Condition Tests (QUA-007) Resource leak prevention should handle 50 rapid connections without resource leaks" name="SSE Race Condition Tests (QUA-007) Resource leak prevention should handle 50 rapid connections without resource leaks" time="0.739">
    </testcase>
    <testcase classname="SSE Race Condition Tests (QUA-007) Counter integrity under race conditions should never allow negative connection counts" name="SSE Race Condition Tests (QUA-007) Counter integrity under race conditions should never allow negative connection counts" time="0.414">
    </testcase>
    <testcase classname="SSE Race Condition Tests (QUA-007) Counter integrity under race conditions should maintain accurate counts during concurrent connect/close" name="SSE Race Condition Tests (QUA-007) Counter integrity under race conditions should maintain accurate counts during concurrent connect/close" time="0.514">
    </testcase>
    <testcase classname="SSE Race Condition Tests (QUA-007) Normal operation still works should still work correctly for normal connection lifecycle" name="SSE Race Condition Tests (QUA-007) Normal operation still works should still work correctly for normal connection lifecycle" time="0.457">
    </testcase>
    <testcase classname="SSE Race Condition Tests (QUA-007) Normal operation still works should handle notification events during connection" name="SSE Race Condition Tests (QUA-007) Normal operation still works should handle notification events during connection" time="0.561">
    </testcase>
  </testsuite>
  <testsuite name="registry-cache" errors="0" failures="0" skipped="0" timestamp="2025-12-20T07:16:21" time="5.285" tests="43">
    <testcase classname="registry-cache getRegistry() - Cache Hit/Miss Scenarios should return registry data on first call (cache miss)" name="registry-cache getRegistry() - Cache Hit/Miss Scenarios should return registry data on first call (cache miss)" time="0.001">
    </testcase>
    <testcase classname="registry-cache getRegistry() - Cache Hit/Miss Scenarios should return cached data on second call within TTL (cache hit)" name="registry-cache getRegistry() - Cache Hit/Miss Scenarios should return cached data on second call within TTL (cache hit)" time="0">
    </testcase>
    <testcase classname="registry-cache getRegistry() - Cache Hit/Miss Scenarios should track multiple cache hits correctly" name="registry-cache getRegistry() - Cache Hit/Miss Scenarios should track multiple cache hits correctly" time="0.001">
    </testcase>
    <testcase classname="registry-cache getRegistry() - Cache Hit/Miss Scenarios should flatten development projects correctly" name="registry-cache getRegistry() - Cache Hit/Miss Scenarios should flatten development projects correctly" time="0">
    </testcase>
    <testcase classname="registry-cache getRegistry() - Cache Hit/Miss Scenarios should flatten production projects with type=prod" name="registry-cache getRegistry() - Cache Hit/Miss Scenarios should flatten production projects with type=prod" time="0.001">
    </testcase>
    <testcase classname="registry-cache getRegistry() - Cache Hit/Miss Scenarios should handle array format registry [metadata, projects]" name="registry-cache getRegistry() - Cache Hit/Miss Scenarios should handle array format registry [metadata, projects]" time="0">
    </testcase>
    <testcase classname="registry-cache getRegistry() - Cache Hit/Miss Scenarios should handle legacy nested projects structure" name="registry-cache getRegistry() - Cache Hit/Miss Scenarios should handle legacy nested projects structure" time="0">
    </testcase>
    <testcase classname="registry-cache TTL Expiration should reload registry after TTL expires (cache miss)" name="registry-cache TTL Expiration should reload registry after TTL expires (cache miss)" time="1.105">
    </testcase>
    <testcase classname="registry-cache TTL Expiration should return cached data within TTL even with file changes" name="registry-cache TTL Expiration should return cached data within TTL even with file changes" time="0.001">
    </testcase>
    <testcase classname="registry-cache TTL Expiration should show correct cache age in stats" name="registry-cache TTL Expiration should show correct cache age in stats" time="0.102">
    </testcase>
    <testcase classname="registry-cache File Watch Invalidation should handle file changes gracefully" name="registry-cache File Watch Invalidation should handle file changes gracefully" time="0.604">
    </testcase>
    <testcase classname="registry-cache File Watch Invalidation should support manual invalidation after file changes" name="registry-cache File Watch Invalidation should support manual invalidation after file changes" time="0.001">
    </testcase>
    <testcase classname="registry-cache invalidateCache() - Manual Invalidation should manually invalidate cache" name="registry-cache invalidateCache() - Manual Invalidation should manually invalidate cache" time="0">
    </testcase>
    <testcase classname="registry-cache invalidateCache() - Manual Invalidation should reload from disk after manual invalidation" name="registry-cache invalidateCache() - Manual Invalidation should reload from disk after manual invalidation" time="0.002">
    </testcase>
    <testcase classname="registry-cache invalidateCache() - Manual Invalidation should increment invalidation counter" name="registry-cache invalidateCache() - Manual Invalidation should increment invalidation counter" time="0">
    </testcase>
    <testcase classname="registry-cache getCacheStats() - Statistics should return correct initial stats" name="registry-cache getCacheStats() - Statistics should return correct initial stats" time="0.001">
    </testcase>
    <testcase classname="registry-cache getCacheStats() - Statistics should calculate hit rate correctly" name="registry-cache getCacheStats() - Statistics should calculate hit rate correctly" time="0.001">
    </testcase>
    <testcase classname="registry-cache getCacheStats() - Statistics should show N/A hit rate with no requests" name="registry-cache getCacheStats() - Statistics should show N/A hit rate with no requests" time="0.001">
    </testcase>
    <testcase classname="registry-cache getCacheStats() - Statistics should show cache status correctly" name="registry-cache getCacheStats() - Statistics should show cache status correctly" time="0.001">
    </testcase>
    <testcase classname="registry-cache getCacheStats() - Statistics should track all counters independently" name="registry-cache getCacheStats() - Statistics should track all counters independently" time="0.001">
    </testcase>
    <testcase classname="registry-cache resetStats() - Statistics Reset should reset all statistics" name="registry-cache resetStats() - Statistics Reset should reset all statistics" time="0">
    </testcase>
    <testcase classname="registry-cache resetStats() - Statistics Reset should not affect cache data when resetting stats" name="registry-cache resetStats() - Statistics Reset should not affect cache data when resetting stats" time="0.001">
    </testcase>
    <testcase classname="registry-cache Graceful Degradation - Error Handling should return stale cache on read error" name="registry-cache Graceful Degradation - Error Handling should return stale cache on read error" time="1.104">
    </testcase>
    <testcase classname="registry-cache Graceful Degradation - Error Handling should return empty registry if no cache and read fails" name="registry-cache Graceful Degradation - Error Handling should return empty registry if no cache and read fails" time="0.002">
    </testcase>
    <testcase classname="registry-cache Graceful Degradation - Error Handling should handle corrupted JSON gracefully" name="registry-cache Graceful Degradation - Error Handling should handle corrupted JSON gracefully" time="0.001">
    </testcase>
    <testcase classname="registry-cache Graceful Degradation - Error Handling should handle missing registry file gracefully on startup" name="registry-cache Graceful Degradation - Error Handling should handle missing registry file gracefully on startup" time="0.001">
    </testcase>
    <testcase classname="registry-cache Graceful Degradation - Error Handling should continue using stale cache for multiple errors" name="registry-cache Graceful Degradation - Error Handling should continue using stale cache for multiple errors" time="1.102">
    </testcase>
    <testcase classname="registry-cache Thread Safety &amp; Single Cache Instance should handle concurrent calls efficiently" name="registry-cache Thread Safety &amp; Single Cache Instance should handle concurrent calls efficiently" time="0.003">
    </testcase>
    <testcase classname="registry-cache Thread Safety &amp; Single Cache Instance should handle concurrent reads during TTL expiration" name="registry-cache Thread Safety &amp; Single Cache Instance should handle concurrent reads during TTL expiration" time="1.102">
    </testcase>
    <testcase classname="registry-cache closeWatcher() - Cleanup should close file watcher" name="registry-cache closeWatcher() - Cleanup should close file watcher" time="0.001">
    </testcase>
    <testcase classname="registry-cache closeWatcher() - Cleanup should handle multiple close calls" name="registry-cache closeWatcher() - Cleanup should handle multiple close calls" time="0.001">
    </testcase>
    <testcase classname="registry-cache Edge Cases should handle empty registry arrays" name="registry-cache Edge Cases should handle empty registry arrays" time="0.001">
    </testcase>
    <testcase classname="registry-cache Edge Cases should handle null/undefined arrays in registry" name="registry-cache Edge Cases should handle null/undefined arrays in registry" time="0.001">
    </testcase>
    <testcase classname="registry-cache Edge Cases should handle projects without name field" name="registry-cache Edge Cases should handle projects without name field" time="0">
    </testcase>
    <testcase classname="registry-cache Edge Cases should handle projects without path field" name="registry-cache Edge Cases should handle projects without path field" time="0.001">
    </testcase>
    <testcase classname="registry-cache Edge Cases should handle duplicate projects (last one wins)" name="registry-cache Edge Cases should handle duplicate projects (last one wins)" time="0.001">
    </testcase>
    <testcase classname="registry-cache Edge Cases should preserve original registry format" name="registry-cache Edge Cases should preserve original registry format" time="0">
    </testcase>
    <testcase classname="registry-cache Edge Cases should handle very large registry efficiently" name="registry-cache Edge Cases should handle very large registry efficiently" time="0.012">
    </testcase>
    <testcase classname="registry-cache Polling Fallback Mode should report invalidation mode in stats" name="registry-cache Polling Fallback Mode should report invalidation mode in stats" time="0.001">
    </testcase>
    <testcase classname="registry-cache Polling Fallback Mode should include invalidation mode in cache stats" name="registry-cache Polling Fallback Mode should include invalidation mode in cache stats" time="0.001">
    </testcase>
    <testcase classname="registry-cache Integration - Real-World Scenarios should handle typical usage pattern: load, cache, invalidate, reload" name="registry-cache Integration - Real-World Scenarios should handle typical usage pattern: load, cache, invalidate, reload" time="0.001">
    </testcase>
    <testcase classname="registry-cache Integration - Real-World Scenarios should handle mixed format registries in production" name="registry-cache Integration - Real-World Scenarios should handle mixed format registries in production" time="0.001">
    </testcase>
    <testcase classname="registry-cache Integration - Real-World Scenarios should maintain cache during high frequency reads" name="registry-cache Integration - Real-World Scenarios should maintain cache during high frequency reads" time="0">
    </testcase>
  </testsuite>
  <testsuite name="Notification Store - Race Condition Protection" errors="0" failures="0" skipped="0" timestamp="2025-12-20T07:16:25" time="3.193" tests="5">
    <testcase classname="Notification Store - Race Condition Protection Concurrent cleanup protection should prevent concurrent cleanup operations with mutex" name="Notification Store - Race Condition Protection Concurrent cleanup protection should prevent concurrent cleanup operations with mutex" time="0.008">
    </testcase>
    <testcase classname="Notification Store - Race Condition Protection Concurrent cleanup protection should handle concurrent cleanup during notification creation" name="Notification Store - Race Condition Protection Concurrent cleanup protection should handle concurrent cleanup during notification creation" time="0.003">
    </testcase>
    <testcase classname="Notification Store - Race Condition Protection Concurrent cleanup protection should complete cleanup quickly even with multiple waiting calls" name="Notification Store - Race Condition Protection Concurrent cleanup protection should complete cleanup quickly even with multiple waiting calls" time="1.006">
    </testcase>
    <testcase classname="Notification Store - Race Condition Protection Concurrent cleanup protection should not corrupt state with rapid concurrent operations" name="Notification Store - Race Condition Protection Concurrent cleanup protection should not corrupt state with rapid concurrent operations" time="0.032">
    </testcase>
    <testcase classname="Notification Store - Race Condition Protection Cleanup algorithm simplification should use same algorithm for small and large excess" name="Notification Store - Race Condition Protection Cleanup algorithm simplification should use same algorithm for small and large excess" time="2.022">
    </testcase>
  </testsuite>
  <testsuite name="FaviconService - File Operation Error Handling" errors="0" failures="0" skipped="0" timestamp="2025-12-20T07:16:26" time="2.797" tests="22">
    <testcase classname="FaviconService - File Operation Error Handling readFileWithErrorHandling - ENOENT (File Not Found) should return null and log debug message for ENOENT" name="FaviconService - File Operation Error Handling readFileWithErrorHandling - ENOENT (File Not Found) should return null and log debug message for ENOENT" time="0.001">
    </testcase>
    <testcase classname="FaviconService - File Operation Error Handling readFileWithErrorHandling - ENOENT (File Not Found) should handle race condition gracefully in getFavicon" name="FaviconService - File Operation Error Handling readFileWithErrorHandling - ENOENT (File Not Found) should handle race condition gracefully in getFavicon" time="0">
    </testcase>
    <testcase classname="FaviconService - File Operation Error Handling readFileWithErrorHandling - EACCES/EPERM (Permission Denied) should throw PermissionError and log warning for EACCES" name="FaviconService - File Operation Error Handling readFileWithErrorHandling - EACCES/EPERM (Permission Denied) should throw PermissionError and log warning for EACCES" time="0.007">
    </testcase>
    <testcase classname="FaviconService - File Operation Error Handling readFileWithErrorHandling - EACCES/EPERM (Permission Denied) should throw PermissionError and log warning for EPERM" name="FaviconService - File Operation Error Handling readFileWithErrorHandling - EACCES/EPERM (Permission Denied) should throw PermissionError and log warning for EPERM" time="0">
    </testcase>
    <testcase classname="FaviconService - File Operation Error Handling readFileWithErrorHandling - EACCES/EPERM (Permission Denied) should propagate permission error in getFavicon" name="FaviconService - File Operation Error Handling readFileWithErrorHandling - EACCES/EPERM (Permission Denied) should propagate permission error in getFavicon" time="0">
    </testcase>
    <testcase classname="FaviconService - File Operation Error Handling readFileWithErrorHandling - EMFILE/ENFILE (Too Many Open Files) should retry on EMFILE with exponential backoff" name="FaviconService - File Operation Error Handling readFileWithErrorHandling - EMFILE/ENFILE (Too Many Open Files) should retry on EMFILE with exponential backoff" time="0.306">
    </testcase>
    <testcase classname="FaviconService - File Operation Error Handling readFileWithErrorHandling - EMFILE/ENFILE (Too Many Open Files) should return null after max retries for EMFILE" name="FaviconService - File Operation Error Handling readFileWithErrorHandling - EMFILE/ENFILE (Too Many Open Files) should return null after max retries for EMFILE" time="0.706">
    </testcase>
    <testcase classname="FaviconService - File Operation Error Handling readFileWithErrorHandling - EMFILE/ENFILE (Too Many Open Files) should handle ENFILE with same retry logic" name="FaviconService - File Operation Error Handling readFileWithErrorHandling - EMFILE/ENFILE (Too Many Open Files) should handle ENFILE with same retry logic" time="0.101">
    </testcase>
    <testcase classname="FaviconService - File Operation Error Handling readFileWithErrorHandling - EIO (I/O Error) should return null and log error for EIO" name="FaviconService - File Operation Error Handling readFileWithErrorHandling - EIO (I/O Error) should return null and log error for EIO" time="0">
    </testcase>
    <testcase classname="FaviconService - File Operation Error Handling readFileWithErrorHandling - EISDIR/ENOTDIR (Path Errors) should return null and log warning for EISDIR" name="FaviconService - File Operation Error Handling readFileWithErrorHandling - EISDIR/ENOTDIR (Path Errors) should return null and log warning for EISDIR" time="0.001">
    </testcase>
    <testcase classname="FaviconService - File Operation Error Handling readFileWithErrorHandling - EISDIR/ENOTDIR (Path Errors) should return null and log warning for ENOTDIR" name="FaviconService - File Operation Error Handling readFileWithErrorHandling - EISDIR/ENOTDIR (Path Errors) should return null and log warning for ENOTDIR" time="0">
    </testcase>
    <testcase classname="FaviconService - File Operation Error Handling readFileWithErrorHandling - EBUSY (File Busy) should retry on EBUSY" name="FaviconService - File Operation Error Handling readFileWithErrorHandling - EBUSY (File Busy) should retry on EBUSY" time="0.103">
    </testcase>
    <testcase classname="FaviconService - File Operation Error Handling readFileWithErrorHandling - EBUSY (File Busy) should return null after max retries for EBUSY" name="FaviconService - File Operation Error Handling readFileWithErrorHandling - EBUSY (File Busy) should return null after max retries for EBUSY" time="0.706">
    </testcase>
    <testcase classname="FaviconService - File Operation Error Handling readFileWithErrorHandling - Unknown Errors should return null and log error for unknown error codes" name="FaviconService - File Operation Error Handling readFileWithErrorHandling - Unknown Errors should return null and log error for unknown error codes" time="0">
    </testcase>
    <testcase classname="FaviconService - File Operation Error Handling readFileWithErrorHandling - Unknown Errors should handle error without code property" name="FaviconService - File Operation Error Handling readFileWithErrorHandling - Unknown Errors should handle error without code property" time="0.002">
    </testcase>
    <testcase classname="FaviconService - File Operation Error Handling Integration - getFavicon with Error Handling should successfully read file when no errors occur" name="FaviconService - File Operation Error Handling Integration - getFavicon with Error Handling should successfully read file when no errors occur" time="0">
    </testcase>
    <testcase classname="FaviconService - File Operation Error Handling Integration - getFavicon with Error Handling should fall back to SVG generation on any file read error" name="FaviconService - File Operation Error Handling Integration - getFavicon with Error Handling should fall back to SVG generation on any file read error" time="0.001">
    </testcase>
    <testcase classname="FaviconService - File Operation Error Handling Integration - getFavicon with Error Handling should not attempt file read when no favicon file found" name="FaviconService - File Operation Error Handling Integration - getFavicon with Error Handling should not attempt file read when no favicon file found" time="0.001">
    </testcase>
    <testcase classname="FaviconService - File Operation Error Handling Logging Levels should use debug level for ENOENT (race condition)" name="FaviconService - File Operation Error Handling Logging Levels should use debug level for ENOENT (race condition)" time="0">
    </testcase>
    <testcase classname="FaviconService - File Operation Error Handling Logging Levels should use warn level for permission errors and throw PermissionError" name="FaviconService - File Operation Error Handling Logging Levels should use warn level for permission errors and throw PermissionError" time="0.001">
    </testcase>
    <testcase classname="FaviconService - File Operation Error Handling Logging Levels should use error level for I/O errors" name="FaviconService - File Operation Error Handling Logging Levels should use error level for I/O errors" time="0.001">
    </testcase>
    <testcase classname="FaviconService - File Operation Error Handling Logging Levels should use debug for retries, warn for exhaustion, and error for final failure" name="FaviconService - File Operation Error Handling Logging Levels should use debug for retries, warn for exhaustion, and error for final failure" time="0.704">
    </testcase>
  </testsuite>
  <testsuite name="SEC-002: Admin API Key Hash Validation" errors="0" failures="0" skipped="0" timestamp="2025-12-20T07:16:29" time="2.038" tests="24">
    <testcase classname="SEC-002: Admin API Key Hash Validation Production Environment - Hash Format Validation should ACCEPT valid bcrypt hash ($2a$ format) in production" name="SEC-002: Admin API Key Hash Validation Production Environment - Hash Format Validation should ACCEPT valid bcrypt hash ($2a$ format) in production" time="0.057">
    </testcase>
    <testcase classname="SEC-002: Admin API Key Hash Validation Production Environment - Hash Format Validation should ACCEPT valid bcrypt hash ($2b$ format) in production" name="SEC-002: Admin API Key Hash Validation Production Environment - Hash Format Validation should ACCEPT valid bcrypt hash ($2b$ format) in production" time="0.052">
    </testcase>
    <testcase classname="SEC-002: Admin API Key Hash Validation Production Environment - Hash Format Validation should REJECT plain text API key as hash in production" name="SEC-002: Admin API Key Hash Validation Production Environment - Hash Format Validation should REJECT plain text API key as hash in production" time="0.053">
    </testcase>
    <testcase classname="SEC-002: Admin API Key Hash Validation Production Environment - Hash Format Validation should REJECT invalid hash format in production" name="SEC-002: Admin API Key Hash Validation Production Environment - Hash Format Validation should REJECT invalid hash format in production" time="0.053">
    </testcase>
    <testcase classname="SEC-002: Admin API Key Hash Validation Production Environment - Hash Format Validation should REJECT hash with wrong prefix in production" name="SEC-002: Admin API Key Hash Validation Production Environment - Hash Format Validation should REJECT hash with wrong prefix in production" time="0.053">
    </testcase>
    <testcase classname="SEC-002: Admin API Key Hash Validation Production Environment - Hash Format Validation should allow production to start without API key hash (IP-based auth only)" name="SEC-002: Admin API Key Hash Validation Production Environment - Hash Format Validation should allow production to start without API key hash (IP-based auth only)" time="0.051">
    </testcase>
    <testcase classname="SEC-002: Admin API Key Hash Validation Development Environment - Hash Validation should ACCEPT valid bcrypt hash in development" name="SEC-002: Admin API Key Hash Validation Development Environment - Hash Validation should ACCEPT valid bcrypt hash in development" time="0.1">
    </testcase>
    <testcase classname="SEC-002: Admin API Key Hash Validation Development Environment - Hash Validation should REJECT invalid hash in development" name="SEC-002: Admin API Key Hash Validation Development Environment - Hash Validation should REJECT invalid hash in development" time="0.357">
    </testcase>
    <testcase classname="SEC-002: Admin API Key Hash Validation Development Environment - Hash Validation should allow development without API key hash" name="SEC-002: Admin API Key Hash Validation Development Environment - Hash Validation should allow development without API key hash" time="0.101">
    </testcase>
    <testcase classname="SEC-002: Admin API Key Hash Validation Test Environment - Hash Validation should ACCEPT valid bcrypt hash in test environment" name="SEC-002: Admin API Key Hash Validation Test Environment - Hash Validation should ACCEPT valid bcrypt hash in test environment" time="0.048">
    </testcase>
    <testcase classname="SEC-002: Admin API Key Hash Validation Test Environment - Hash Validation should allow test environment without API key hash" name="SEC-002: Admin API Key Hash Validation Test Environment - Hash Validation should allow test environment without API key hash" time="0.048">
    </testcase>
    <testcase classname="SEC-002: Admin API Key Hash Validation Edge Cases and Validation should treat empty string as no API key hash (allowed)" name="SEC-002: Admin API Key Hash Validation Edge Cases and Validation should treat empty string as no API key hash (allowed)" time="0.048">
    </testcase>
    <testcase classname="SEC-002: Admin API Key Hash Validation Edge Cases and Validation should REJECT whitespace-only API key hash" name="SEC-002: Admin API Key Hash Validation Edge Cases and Validation should REJECT whitespace-only API key hash" time="0.048">
    </testcase>
    <testcase classname="SEC-002: Admin API Key Hash Validation Edge Cases and Validation should REJECT truncated hash" name="SEC-002: Admin API Key Hash Validation Edge Cases and Validation should REJECT truncated hash" time="0.047">
    </testcase>
    <testcase classname="SEC-002: Admin API Key Hash Validation Edge Cases and Validation should ACCEPT hash with exactly 60 characters" name="SEC-002: Admin API Key Hash Validation Edge Cases and Validation should ACCEPT hash with exactly 60 characters" time="0.048">
    </testcase>
    <testcase classname="SEC-002: Admin API Key Hash Validation Security Documentation in Error Messages should include hash generation command in error" name="SEC-002: Admin API Key Hash Validation Security Documentation in Error Messages should include hash generation command in error" time="0.048">
    </testcase>
    <testcase classname="SEC-002: Admin API Key Hash Validation Security Documentation in Error Messages should explain valid hash format in error" name="SEC-002: Admin API Key Hash Validation Security Documentation in Error Messages should explain valid hash format in error" time="0.048">
    </testcase>
    <testcase classname="SEC-002: Admin API Key Hash Validation Integration with Other Security Controls should enforce both IP whitelist AND valid hash in production" name="SEC-002: Admin API Key Hash Validation Integration with Other Security Controls should enforce both IP whitelist AND valid hash in production" time="0.049">
    </testcase>
    <testcase classname="SEC-002: Admin API Key Hash Validation Integration with Other Security Controls should accept production config with valid hash and valid IPs" name="SEC-002: Admin API Key Hash Validation Integration with Other Security Controls should accept production config with valid hash and valid IPs" time="0.048">
    </testcase>
    <testcase classname="SEC-002: Admin API Key Hash Validation Backward Compatibility should not break configs without API key hash (IP-only auth)" name="SEC-002: Admin API Key Hash Validation Backward Compatibility should not break configs without API key hash (IP-only auth)" time="0.148">
    </testcase>
    <testcase classname="SEC-002: Admin API Key Hash Validation Backward Compatibility should log info about hash generation when hash is not configured" name="SEC-002: Admin API Key Hash Validation Backward Compatibility should log info about hash generation when hash is not configured" time="0.1">
    </testcase>
    <testcase classname="SEC-002: Admin API Key Hash Validation Real-World Hash Examples should accept real bcrypt hash from bcrypt.hashSync" name="SEC-002: Admin API Key Hash Validation Real-World Hash Examples should accept real bcrypt hash from bcrypt.hashSync" time="0.107">
    </testcase>
    <testcase classname="SEC-002: Admin API Key Hash Validation Real-World Hash Examples should accept hash with different cost factors" name="SEC-002: Admin API Key Hash Validation Real-World Hash Examples should accept hash with different cost factors" time="0.049">
    </testcase>
    <testcase classname="SEC-002: Admin API Key Hash Validation Real-World Hash Examples should reject old-style plain text keys (migration helper)" name="SEC-002: Admin API Key Hash Validation Real-World Hash Examples should reject old-style plain text keys (migration helper)" time="0.153">
    </testcase>
  </testsuite>
  <testsuite name="Registry Loading" errors="0" failures="0" skipped="0" timestamp="2025-12-20T07:16:29" time="2.488" tests="24">
    <testcase classname="Registry Loading Loading from Disk should load and parse registry from disk" name="Registry Loading Loading from Disk should load and parse registry from disk" time="0.002">
    </testcase>
    <testcase classname="Registry Loading Loading from Disk should flatten registry structure for easier lookup" name="Registry Loading Loading from Disk should flatten registry structure for easier lookup" time="0.001">
    </testcase>
    <testcase classname="Registry Loading Loading from Disk should handle array format registry [metadata, projects]" name="Registry Loading Loading from Disk should handle array format registry [metadata, projects]" time="0.001">
    </testcase>
    <testcase classname="Registry Loading Loading from Disk should handle nested projects structure" name="Registry Loading Loading from Disk should handle nested projects structure" time="0">
    </testcase>
    <testcase classname="Registry Loading Loading from Disk should add type=prod to production projects" name="Registry Loading Loading from Disk should add type=prod to production projects" time="0.001">
    </testcase>
    <testcase classname="Registry Loading Caching Behavior should cache registry data with TTL" name="Registry Loading Caching Behavior should cache registry data with TTL" time="0">
    </testcase>
    <testcase classname="Registry Loading Caching Behavior should invalidate cache after TTL expires" name="Registry Loading Caching Behavior should invalidate cache after TTL expires" time="1.103">
    </testcase>
    <testcase classname="Registry Loading Caching Behavior should provide cache statistics" name="Registry Loading Caching Behavior should provide cache statistics" time="0.001">
    </testcase>
    <testcase classname="Registry Loading Caching Behavior should calculate hit rate correctly" name="Registry Loading Caching Behavior should calculate hit rate correctly" time="0.001">
    </testcase>
    <testcase classname="Registry Loading File Watching should have watcher setup capability" name="Registry Loading File Watching should have watcher setup capability" time="0">
    </testcase>
    <testcase classname="Registry Loading File Watching should debounce rapid file changes" name="Registry Loading File Watching should debounce rapid file changes" time="1.257">
    </testcase>
    <testcase classname="Registry Loading Error Handling should handle missing registry file" name="Registry Loading Error Handling should handle missing registry file" time="0">
    </testcase>
    <testcase classname="Registry Loading Error Handling should handle invalid JSON in registry file" name="Registry Loading Error Handling should handle invalid JSON in registry file" time="0.001">
    </testcase>
    <testcase classname="Registry Loading Error Handling should gracefully degrade on read errors" name="Registry Loading Error Handling should gracefully degrade on read errors" time="0.001">
    </testcase>
    <testcase classname="Registry Loading Error Handling should handle empty registry file" name="Registry Loading Error Handling should handle empty registry file" time="0">
    </testcase>
    <testcase classname="Registry Loading Error Handling should handle registry with empty arrays" name="Registry Loading Error Handling should handle registry with empty arrays" time="0">
    </testcase>
    <testcase classname="Registry Loading Error Handling should handle file watcher errors gracefully" name="Registry Loading Error Handling should handle file watcher errors gracefully" time="0.001">
    </testcase>
    <testcase classname="Registry Loading Manual Cache Control should allow manual cache invalidation" name="Registry Loading Manual Cache Control should allow manual cache invalidation" time="0">
    </testcase>
    <testcase classname="Registry Loading Manual Cache Control should allow statistics reset" name="Registry Loading Manual Cache Control should allow statistics reset" time="0">
    </testcase>
    <testcase classname="Registry Loading Edge Cases should handle projects without name field" name="Registry Loading Edge Cases should handle projects without name field" time="0">
    </testcase>
    <testcase classname="Registry Loading Edge Cases should handle projects without path field" name="Registry Loading Edge Cases should handle projects without path field" time="0">
    </testcase>
    <testcase classname="Registry Loading Edge Cases should handle large registry files" name="Registry Loading Edge Cases should handle large registry files" time="0.002">
    </testcase>
    <testcase classname="Registry Loading Edge Cases should handle unicode characters in project names" name="Registry Loading Edge Cases should handle unicode characters in project names" time="0">
    </testcase>
    <testcase classname="Registry Loading Edge Cases should preserve additional project properties" name="Registry Loading Edge Cases should preserve additional project properties" time="0">
    </testcase>
  </testsuite>
  <testsuite name="Health Check Module" errors="0" failures="0" skipped="3" timestamp="2025-12-20T07:16:31" time="1.183" tests="52">
    <testcase classname="Health Check Module getMemoryUsage() should return valid memory stats with MB suffix" name="Health Check Module getMemoryUsage() should return valid memory stats with MB suffix" time="0.001">
    </testcase>
    <testcase classname="Health Check Module getMemoryUsage() should return non-zero memory values" name="Health Check Module getMemoryUsage() should return non-zero memory values" time="0">
    </testcase>
    <testcase classname="Health Check Module getMemoryUsage() should have heapUsed &lt;= heapTotal" name="Health Check Module getMemoryUsage() should have heapUsed &lt;= heapTotal" time="0">
    </testcase>
    <testcase classname="Health Check Module getUptime() should return uptime string in correct format" name="Health Check Module getUptime() should return uptime string in correct format" time="0">
    </testcase>
    <testcase classname="Health Check Module getUptime() should return non-empty string" name="Health Check Module getUptime() should return non-empty string" time="0">
    </testcase>
    <testcase classname="Health Check Module getUptime() should format seconds-only uptime correctly" name="Health Check Module getUptime() should format seconds-only uptime correctly" time="0.001">
    </testcase>
    <testcase classname="Health Check Module getUptime() should format minutes uptime correctly" name="Health Check Module getUptime() should format minutes uptime correctly" time="0">
    </testcase>
    <testcase classname="Health Check Module getUptime() should format hours uptime correctly" name="Health Check Module getUptime() should format hours uptime correctly" time="0">
    </testcase>
    <testcase classname="Health Check Module checkRegistry() should return healthy status when registry file exists" name="Health Check Module checkRegistry() should return healthy status when registry file exists" time="0">
    </testcase>
    <testcase classname="Health Check Module checkRegistry() should return error status when registry file is missing" name="Health Check Module checkRegistry() should return error status when registry file is missing" time="0.004">
    </testcase>
    <testcase classname="Health Check Module checkRegistry() should return error when registry path is not readable" name="Health Check Module checkRegistry() should return error when registry path is not readable" time="0.001">
    </testcase>
    <testcase classname="Health Check Module checkDataDir() should return healthy status when data dir exists and is writable" name="Health Check Module checkDataDir() should return healthy status when data dir exists and is writable" time="0">
    </testcase>
    <testcase classname="Health Check Module checkDataDir() should return error when data dir does not exist" name="Health Check Module checkDataDir() should return error when data dir does not exist" time="0.001">
    </testcase>
    <testcase classname="Health Check Module checkDataDir() should return error when data dir is not writable" name="Health Check Module checkDataDir() should return error when data dir is not writable" time="0">
    </testcase>
    <testcase classname="Health Check Module getLivenessProbe() should return alive status" name="Health Check Module getLivenessProbe() should return alive status" time="0">
    </testcase>
    <testcase classname="Health Check Module getLivenessProbe() should always return alive (never fails)" name="Health Check Module getLivenessProbe() should always return alive (never fails)" time="0">
    </testcase>
    <testcase classname="Health Check Module getLivenessProbe() should return current process ID" name="Health Check Module getLivenessProbe() should return current process ID" time="0">
    </testcase>
    <testcase classname="Health Check Module getReadinessProbe() should check registry accessibility" name="Health Check Module getReadinessProbe() should check registry accessibility" time="0.07">
    </testcase>
    <testcase classname="Health Check Module getReadinessProbe() should return ready when registry is accessible" name="Health Check Module getReadinessProbe() should return ready when registry is accessible" time="0.069">
    </testcase>
    <testcase classname="Health Check Module getReadinessProbe() should return not_ready when registry is missing" name="Health Check Module getReadinessProbe() should return not_ready when registry is missing" time="0.001">
    </testcase>
    <testcase classname="Health Check Module getReadinessProbe() should include timestamp in ISO format" name="Health Check Module getReadinessProbe() should include timestamp in ISO format" time="0.072">
    </testcase>
    <testcase classname="Health Check Module getFullHealth() should return comprehensive health status" name="Health Check Module getFullHealth() should return comprehensive health status" time="0.001">
    </testcase>
    <testcase classname="Health Check Module getFullHealth() should include registry and dataDir checks" name="Health Check Module getFullHealth() should include registry and dataDir checks" time="0.001">
    </testcase>
    <testcase classname="Health Check Module getFullHealth() should include memory usage metrics" name="Health Check Module getFullHealth() should include memory usage metrics" time="0">
    </testcase>
    <testcase classname="Health Check Module getFullHealth() should include uptime in seconds" name="Health Check Module getFullHealth() should include uptime in seconds" time="0">
    </testcase>
    <testcase classname="Health Check Module getFullHealth() should include version from package.json or default" name="Health Check Module getFullHealth() should include version from package.json or default" time="0">
    </testcase>
    <testcase classname="Health Check Module getFullHealth() should include environment from config" name="Health Check Module getFullHealth() should include environment from config" time="0.001">
    </testcase>
    <testcase classname="Health Check Module getFullHealth() should mark as degraded when registry check fails" name="Health Check Module getFullHealth() should mark as degraded when registry check fails" time="0">
    </testcase>
    <testcase classname="Health Check Module getFullHealth() should mark as degraded when any check fails" name="Health Check Module getFullHealth() should mark as degraded when any check fails" time="0">
      <skipped/>
    </testcase>
    <testcase classname="Health Check Module getFullHealth() should accept extra checks parameter" name="Health Check Module getFullHealth() should accept extra checks parameter" time="0.001">
    </testcase>
    <testcase classname="Health Check Module getFullHealth() should mark as degraded when extra check fails" name="Health Check Module getFullHealth() should mark as degraded when extra check fails" time="0">
    </testcase>
    <testcase classname="Health Check Module getFullHealth() should include timestamp in ISO format" name="Health Check Module getFullHealth() should include timestamp in ISO format" time="0">
    </testcase>
    <testcase classname="Health Check Module getFullHealth() should prioritize registry error message over generic error count" name="Health Check Module getFullHealth() should prioritize registry error message over generic error count" time="0.001">
    </testcase>
    <testcase classname="Health Check Module Edge Cases should handle missing service name in getFullHealth" name="Health Check Module Edge Cases should handle missing service name in getFullHealth" time="0">
    </testcase>
    <testcase classname="Health Check Module Edge Cases should handle empty extra checks object" name="Health Check Module Edge Cases should handle empty extra checks object" time="0.001">
    </testcase>
    <testcase classname="Health Check Module Edge Cases should handle null extra checks" name="Health Check Module Edge Cases should handle null extra checks" time="0">
    </testcase>
    <testcase classname="Health Check Module getFileDescriptorUsage() should return FD usage statistics on supported platforms" name="Health Check Module getFileDescriptorUsage() should return FD usage statistics on supported platforms" time="0.07">
    </testcase>
    <testcase classname="Health Check Module getFileDescriptorUsage() should include FD metrics when supported" name="Health Check Module getFileDescriptorUsage() should include FD metrics when supported" time="0.071">
    </testcase>
    <testcase classname="Health Check Module getFileDescriptorUsage() should have warning threshold at 80%" name="Health Check Module getFileDescriptorUsage() should have warning threshold at 80%" time="0.071">
    </testcase>
    <testcase classname="Health Check Module getFileDescriptorUsage() should return warning status when above 80% usage" name="Health Check Module getFileDescriptorUsage() should return warning status when above 80% usage" time="0.071">
    </testcase>
    <testcase classname="Health Check Module getFileDescriptorUsage() should return critical status when above 95% usage" name="Health Check Module getFileDescriptorUsage() should return critical status when above 95% usage" time="0.069">
    </testcase>
    <testcase classname="Health Check Module getFileDescriptorUsage() should return ok status when below 80% usage" name="Health Check Module getFileDescriptorUsage() should return ok status when below 80% usage" time="0.067">
    </testcase>
    <testcase classname="Health Check Module getFileDescriptorUsage() should include hard limit when available" name="Health Check Module getFileDescriptorUsage() should include hard limit when available" time="0.069">
    </testcase>
    <testcase classname="Health Check Module getFileDescriptorUsage() should handle unsupported platforms gracefully" name="Health Check Module getFileDescriptorUsage() should handle unsupported platforms gracefully" time="0.067">
    </testcase>
    <testcase classname="Health Check Module getFileDescriptorUsage() should calculate usage percentage correctly" name="Health Check Module getFileDescriptorUsage() should calculate usage percentage correctly" time="0.069">
    </testcase>
    <testcase classname="Health Check Module getReadinessProbe() with FD checks should return degraded when FD usage is critical" name="Health Check Module getReadinessProbe() with FD checks should return degraded when FD usage is critical" time="0.069">
    </testcase>
    <testcase classname="Health Check Module getFullHealth() with FD checks should include FD check in extra checks" name="Health Check Module getFullHealth() with FD checks should include FD check in extra checks" time="0.068">
    </testcase>
    <testcase classname="Health Check Module getFullHealth() with FD checks should mark as degraded when FD usage is critical" name="Health Check Module getFullHealth() with FD checks should mark as degraded when FD usage is critical" time="0">
      <skipped/>
    </testcase>
    <testcase classname="Health Check Module getFullHealth() with FD checks should remain ok when FD usage has warnings" name="Health Check Module getFullHealth() with FD checks should remain ok when FD usage has warnings" time="0">
      <skipped/>
    </testcase>
    <testcase classname="Health Check Module getFullHealth() with FD checks should prioritize registry error over FD critical" name="Health Check Module getFullHealth() with FD checks should prioritize registry error over FD critical" time="0">
    </testcase>
    <testcase classname="Health Check Module Integration liveness probe should succeed even when readiness fails" name="Health Check Module Integration liveness probe should succeed even when readiness fails" time="0">
    </testcase>
    <testcase classname="Health Check Module Integration readiness probe should align with full health check" name="Health Check Module Integration readiness probe should align with full health check" time="0.07">
    </testcase>
  </testsuite>
  <testsuite name="Admin Authentication Integration Tests" errors="0" failures="0" skipped="1" timestamp="2025-12-20T07:16:31" time="1.426" tests="33">
    <testcase classname="Admin Authentication Integration Tests IP-based Authentication Only should allow request from whitelisted IP" name="Admin Authentication Integration Tests IP-based Authentication Only should allow request from whitelisted IP" time="0.003">
    </testcase>
    <testcase classname="Admin Authentication Integration Tests IP-based Authentication Only should block request from non-whitelisted IP" name="Admin Authentication Integration Tests IP-based Authentication Only should block request from non-whitelisted IP" time="0.001">
    </testcase>
    <testcase classname="Admin Authentication Integration Tests IP-based Authentication Only should allow IPv6 localhost" name="Admin Authentication Integration Tests IP-based Authentication Only should allow IPv6 localhost" time="0.003">
    </testcase>
    <testcase classname="Admin Authentication Integration Tests IP-based Authentication Only should handle multiple IPs in allowlist" name="Admin Authentication Integration Tests IP-based Authentication Only should handle multiple IPs in allowlist" time="0.002">
    </testcase>
    <testcase classname="Admin Authentication Integration Tests IP-based Authentication Only should block unknown IP when client IP cannot be determined" name="Admin Authentication Integration Tests IP-based Authentication Only should block unknown IP when client IP cannot be determined" time="0.001">
    </testcase>
    <testcase classname="Admin Authentication Integration Tests API Key Authentication should require both IP and API key when API key is configured" name="Admin Authentication Integration Tests API Key Authentication should require both IP and API key when API key is configured" time="0.001">
    </testcase>
    <testcase classname="Admin Authentication Integration Tests API Key Authentication should accept valid API key via X-API-Key header" name="Admin Authentication Integration Tests API Key Authentication should accept valid API key via X-API-Key header" time="0.058">
    </testcase>
    <testcase classname="Admin Authentication Integration Tests API Key Authentication should accept valid API key via Authorization Bearer header" name="Admin Authentication Integration Tests API Key Authentication should accept valid API key via Authorization Bearer header" time="0.056">
    </testcase>
    <testcase classname="Admin Authentication Integration Tests API Key Authentication should reject invalid API key" name="Admin Authentication Integration Tests API Key Authentication should reject invalid API key" time="0.059">
    </testcase>
    <testcase classname="Admin Authentication Integration Tests API Key Authentication should reject empty API key" name="Admin Authentication Integration Tests API Key Authentication should reject empty API key" time="0.001">
    </testcase>
    <testcase classname="Admin Authentication Integration Tests API Key Authentication should reject request without API key header" name="Admin Authentication Integration Tests API Key Authentication should reject request without API key header" time="0.001">
    </testcase>
    <testcase classname="Admin Authentication Integration Tests API Key Authentication should reject malformed Authorization header" name="Admin Authentication Integration Tests API Key Authentication should reject malformed Authorization header" time="0.001">
    </testcase>
    <testcase classname="Admin Authentication Integration Tests API Key Authentication should prefer X-API-Key over Authorization header" name="Admin Authentication Integration Tests API Key Authentication should prefer X-API-Key over Authorization header" time="0.059">
    </testcase>
    <testcase classname="Admin Authentication Integration Tests Security: bcrypt Hash Comparison should reject API key with different length" name="Admin Authentication Integration Tests Security: bcrypt Hash Comparison should reject API key with different length" time="0.059">
    </testcase>
    <testcase classname="Admin Authentication Integration Tests Security: bcrypt Hash Comparison should reject API key with partial match" name="Admin Authentication Integration Tests Security: bcrypt Hash Comparison should reject API key with partial match" time="0.06">
    </testcase>
    <testcase classname="Admin Authentication Integration Tests Security: bcrypt Hash Comparison should reject API key with prefix match only" name="Admin Authentication Integration Tests Security: bcrypt Hash Comparison should reject API key with prefix match only" time="0.059">
    </testcase>
    <testcase classname="Admin Authentication Integration Tests Security: bcrypt Hash Comparison should accept exact match only" name="Admin Authentication Integration Tests Security: bcrypt Hash Comparison should accept exact match only" time="0.059">
    </testcase>
    <testcase classname="Admin Authentication Integration Tests Combined IP and API Key Requirements should require both valid IP and valid API key" name="Admin Authentication Integration Tests Combined IP and API Key Requirements should require both valid IP and valid API key" time="0.061">
    </testcase>
    <testcase classname="Admin Authentication Integration Tests Combined IP and API Key Requirements should reject valid IP with invalid API key" name="Admin Authentication Integration Tests Combined IP and API Key Requirements should reject valid IP with invalid API key" time="0.059">
    </testcase>
    <testcase classname="Admin Authentication Integration Tests Combined IP and API Key Requirements should reject invalid IP with valid API key" name="Admin Authentication Integration Tests Combined IP and API Key Requirements should reject invalid IP with valid API key" time="0.06">
    </testcase>
    <testcase classname="Admin Authentication Integration Tests Combined IP and API Key Requirements should reject invalid IP and invalid API key" name="Admin Authentication Integration Tests Combined IP and API Key Requirements should reject invalid IP and invalid API key" time="0.06">
    </testcase>
    <testcase classname="Admin Authentication Integration Tests Combined IP and API Key Requirements should work with multiple whitelisted IPs" name="Admin Authentication Integration Tests Combined IP and API Key Requirements should work with multiple whitelisted IPs" time="0.118">
    </testcase>
    <testcase classname="Admin Authentication Integration Tests Edge Cases should handle null IP gracefully" name="Admin Authentication Integration Tests Edge Cases should handle null IP gracefully" time="0.001">
    </testcase>
    <testcase classname="Admin Authentication Integration Tests Edge Cases should handle undefined IP gracefully" name="Admin Authentication Integration Tests Edge Cases should handle undefined IP gracefully" time="0.001">
    </testcase>
    <testcase classname="Admin Authentication Integration Tests Edge Cases should handle bcrypt comparison with different key" name="Admin Authentication Integration Tests Edge Cases should handle bcrypt comparison with different key" time="0.119">
    </testcase>
    <testcase classname="Admin Authentication Integration Tests Edge Cases should handle API key with whitespace (not trimmed)" name="Admin Authentication Integration Tests Edge Cases should handle API key with whitespace (not trimmed)" time="0">
      <skipped/>
    </testcase>
    <testcase classname="Admin Authentication Integration Tests Edge Cases should handle empty admin IPs array" name="Admin Authentication Integration Tests Edge Cases should handle empty admin IPs array" time="0.001">
    </testcase>
    <testcase classname="Admin Authentication Integration Tests Logging and Monitoring should log warning for unauthorized IP access" name="Admin Authentication Integration Tests Logging and Monitoring should log warning for unauthorized IP access" time="0.058">
    </testcase>
    <testcase classname="Admin Authentication Integration Tests Logging and Monitoring should log warning for invalid API key" name="Admin Authentication Integration Tests Logging and Monitoring should log warning for invalid API key" time="0.059">
    </testcase>
    <testcase classname="Admin Authentication Integration Tests Logging and Monitoring should log debug on successful API key validation" name="Admin Authentication Integration Tests Logging and Monitoring should log debug on successful API key validation" time="0.059">
    </testcase>
    <testcase classname="Admin Authentication Integration Tests Logging and Monitoring should log error when IP cannot be determined" name="Admin Authentication Integration Tests Logging and Monitoring should log error when IP cannot be determined" time="0.001">
    </testcase>
    <testcase classname="Admin Authentication Integration Tests Response Format should return JSON error for unauthorized access" name="Admin Authentication Integration Tests Response Format should return JSON error for unauthorized access" time="0.001">
    </testcase>
    <testcase classname="Admin Authentication Integration Tests Response Format should return 403 status code for all auth failures" name="Admin Authentication Integration Tests Response Format should return 403 status code for all auth failures" time="0.118">
    </testcase>
  </testsuite>
  <testsuite name="Prometheus Metrics Endpoint Integration Tests" errors="0" failures="0" skipped="0" timestamp="2025-12-20T07:16:32" time="0.683" tests="24">
[...]
  </testsuite>
  <testsuite name="CORS Configuration Security" errors="0" failures="0" skipped="0" timestamp="2025-12-20T07:16:38" time="0.122" tests="30">
    <testcase classname="CORS Configuration Security Origin Whitelist should have expected production origins" name="CORS Configuration Security Origin Whitelist should have expected production origins" time="0">
    </testcase>
    <testcase classname="CORS Configuration Security Origin Whitelist should have expected development origins" name="CORS Configuration Security Origin Whitelist should have expected development origins" time="0.001">
    </testcase>
    <testcase classname="CORS Configuration Security Origin Whitelist should not be empty" name="CORS Configuration Security Origin Whitelist should not be empty" time="0">
    </testcase>
    <testcase classname="CORS Configuration Security Origin Whitelist should not contain wildcard" name="CORS Configuration Security Origin Whitelist should not contain wildcard" time="0">
    </testcase>
    <testcase classname="CORS Configuration Security isOriginAllowed should allow whitelisted production origin" name="CORS Configuration Security isOriginAllowed should allow whitelisted production origin" time="0">
    </testcase>
    <testcase classname="CORS Configuration Security isOriginAllowed should allow whitelisted API subdomain" name="CORS Configuration Security isOriginAllowed should allow whitelisted API subdomain" time="0">
    </testcase>
    <testcase classname="CORS Configuration Security isOriginAllowed should allow whitelisted development origin" name="CORS Configuration Security isOriginAllowed should allow whitelisted development origin" time="0">
    </testcase>
    <testcase classname="CORS Configuration Security isOriginAllowed should block unknown origin" name="CORS Configuration Security isOriginAllowed should block unknown origin" time="0">
    </testcase>
    <testcase classname="CORS Configuration Security isOriginAllowed should allow chrome extension origin" name="CORS Configuration Security isOriginAllowed should allow chrome extension origin" time="0">
    </testcase>
    <testcase classname="CORS Configuration Security isOriginAllowed should allow firefox extension origin" name="CORS Configuration Security isOriginAllowed should allow firefox extension origin" time="0">
    </testcase>
    <testcase classname="CORS Configuration Security isOriginAllowed should block undefined origin" name="CORS Configuration Security isOriginAllowed should block undefined origin" time="0">
    </testcase>
    <testcase classname="CORS Configuration Security isOriginAllowed should block null origin" name="CORS Configuration Security isOriginAllowed should block null origin" time="0">
    </testcase>
    <testcase classname="CORS Configuration Security isOriginAllowed should block empty string origin" name="CORS Configuration Security isOriginAllowed should block empty string origin" time="0">
    </testcase>
    <testcase classname="CORS Configuration Security corsMiddleware - Allowed Origins should set CORS headers for whitelisted origin" name="CORS Configuration Security corsMiddleware - Allowed Origins should set CORS headers for whitelisted origin" time="0.001">
    </testcase>
    <testcase classname="CORS Configuration Security corsMiddleware - Allowed Origins should set correct methods header" name="CORS Configuration Security corsMiddleware - Allowed Origins should set correct methods header" time="0">
    </testcase>
    <testcase classname="CORS Configuration Security corsMiddleware - Allowed Origins should set correct headers header" name="CORS Configuration Security corsMiddleware - Allowed Origins should set correct headers header" time="0">
    </testcase>
    <testcase classname="CORS Configuration Security corsMiddleware - Blocked Origins should NOT set CORS headers for unknown origin" name="CORS Configuration Security corsMiddleware - Blocked Origins should NOT set CORS headers for unknown origin" time="0">
    </testcase>
    <testcase classname="CORS Configuration Security corsMiddleware - Blocked Origins should NOT set CORS headers for missing origin" name="CORS Configuration Security corsMiddleware - Blocked Origins should NOT set CORS headers for missing origin" time="0">
    </testcase>
    <testcase classname="CORS Configuration Security corsMiddleware - Blocked Origins should NOT set CORS headers for null origin" name="CORS Configuration Security corsMiddleware - Blocked Origins should NOT set CORS headers for null origin" time="0">
    </testcase>
    <testcase classname="CORS Configuration Security corsMiddleware - Preflight Requests should handle OPTIONS preflight with 204 status" name="CORS Configuration Security corsMiddleware - Preflight Requests should handle OPTIONS preflight with 204 status" time="0">
    </testcase>
    <testcase classname="CORS Configuration Security corsMiddleware - Preflight Requests should handle OPTIONS preflight for unknown origin without CORS headers" name="CORS Configuration Security corsMiddleware - Preflight Requests should handle OPTIONS preflight for unknown origin without CORS headers" time="0">
    </testcase>
    <testcase classname="CORS Configuration Security Security: Cache Poisoning Protection should always set Vary: Origin header for whitelisted origins" name="CORS Configuration Security Security: Cache Poisoning Protection should always set Vary: Origin header for whitelisted origins" time="0.001">
    </testcase>
    <testcase classname="CORS Configuration Security Security: Cache Poisoning Protection should NOT set Vary header for unknown origins" name="CORS Configuration Security Security: Cache Poisoning Protection should NOT set Vary header for unknown origins" time="0">
    </testcase>
    <testcase classname="CORS Configuration Security Security: Origin Validation Bypass Attempts should block origin with path traversal attempt" name="CORS Configuration Security Security: Origin Validation Bypass Attempts should block origin with path traversal attempt" time="0">
    </testcase>
    <testcase classname="CORS Configuration Security Security: Origin Validation Bypass Attempts should block origin with encoded characters" name="CORS Configuration Security Security: Origin Validation Bypass Attempts should block origin with encoded characters" time="0">
    </testcase>
    <testcase classname="CORS Configuration Security Security: Origin Validation Bypass Attempts should block origin with subdomain variation" name="CORS Configuration Security Security: Origin Validation Bypass Attempts should block origin with subdomain variation" time="0">
    </testcase>
    <testcase classname="CORS Configuration Security Security: Origin Validation Bypass Attempts should block origin with different protocol" name="CORS Configuration Security Security: Origin Validation Bypass Attempts should block origin with different protocol" time="0">
    </testcase>
    <testcase classname="CORS Configuration Security Security: Origin Validation Bypass Attempts should block origin with port variation" name="CORS Configuration Security Security: Origin Validation Bypass Attempts should block origin with port variation" time="0">
    </testcase>
    <testcase classname="CORS Configuration Security Regression Tests should not accept wildcard origin" name="CORS Configuration Security Regression Tests should not accept wildcard origin" time="0">
    </testcase>
    <testcase classname="CORS Configuration Security Regression Tests should not leak CORS headers via preflight for blocked origins" name="CORS Configuration Security Regression Tests should not leak CORS headers via preflight for blocked origins" time="0">
    </testcase>
  </testsuite>
  <testsuite name="API URL Validation" errors="0" failures="0" skipped="0" timestamp="2025-12-20T07:16:38" time="0.12" tests="24">
    <testcase classname="API URL Validation HTTPS URLs should accept valid HTTPS URLs" name="API URL Validation HTTPS URLs should accept valid HTTPS URLs" time="0">
    </testcase>
    <testcase classname="API URL Validation HTTPS URLs should accept HTTPS URLs with port" name="API URL Validation HTTPS URLs should accept HTTPS URLs with port" time="0">
    </testcase>
    <testcase classname="API URL Validation HTTPS URLs should accept HTTPS URLs with path" name="API URL Validation HTTPS URLs should accept HTTPS URLs with path" time="0">
    </testcase>
    <testcase classname="API URL Validation HTTP localhost URLs should accept http://localhost" name="API URL Validation HTTP localhost URLs should accept http://localhost" time="0">
    </testcase>
    <testcase classname="API URL Validation HTTP localhost URLs should accept http://localhost with port" name="API URL Validation HTTP localhost URLs should accept http://localhost with port" time="0">
    </testcase>
    <testcase classname="API URL Validation HTTP localhost URLs should accept http://127.0.0.1" name="API URL Validation HTTP localhost URLs should accept http://127.0.0.1" time="0">
    </testcase>
    <testcase classname="API URL Validation HTTP localhost URLs should accept http://127.0.0.1 with port" name="API URL Validation HTTP localhost URLs should accept http://127.0.0.1 with port" time="0">
    </testcase>
    <testcase classname="API URL Validation HTTP localhost URLs should accept http://[::1] (IPv6 localhost)" name="API URL Validation HTTP localhost URLs should accept http://[::1] (IPv6 localhost)" time="0.001">
    </testcase>
    <testcase classname="API URL Validation HTTP localhost URLs should accept http://[::1] with port" name="API URL Validation HTTP localhost URLs should accept http://[::1] with port" time="0">
    </testcase>
    <testcase classname="API URL Validation HTTP non-localhost URLs (should reject) should reject HTTP URLs for remote hosts" name="API URL Validation HTTP non-localhost URLs (should reject) should reject HTTP URLs for remote hosts" time="0">
    </testcase>
    <testcase classname="API URL Validation HTTP non-localhost URLs (should reject) should reject HTTP URLs with IP addresses (not localhost)" name="API URL Validation HTTP non-localhost URLs (should reject) should reject HTTP URLs with IP addresses (not localhost)" time="0">
    </testcase>
    <testcase classname="API URL Validation HTTP non-localhost URLs (should reject) should reject HTTP URLs for public IPs" name="API URL Validation HTTP non-localhost URLs (should reject) should reject HTTP URLs for public IPs" time="0">
    </testcase>
    <testcase classname="API URL Validation Invalid URLs should reject null" name="API URL Validation Invalid URLs should reject null" time="0">
    </testcase>
    <testcase classname="API URL Validation Invalid URLs should reject undefined" name="API URL Validation Invalid URLs should reject undefined" time="0">
    </testcase>
    <testcase classname="API URL Validation Invalid URLs should reject empty string" name="API URL Validation Invalid URLs should reject empty string" time="0">
    </testcase>
    <testcase classname="API URL Validation Invalid URLs should reject non-string values" name="API URL Validation Invalid URLs should reject non-string values" time="0">
    </testcase>
    <testcase classname="API URL Validation Invalid URLs should reject malformed URLs" name="API URL Validation Invalid URLs should reject malformed URLs" time="0">
    </testcase>
    <testcase classname="API URL Validation Invalid URLs should reject URLs with unsupported protocols" name="API URL Validation Invalid URLs should reject URLs with unsupported protocols" time="0">
    </testcase>
    <testcase classname="API URL Validation Invalid URLs should reject file:// URLs" name="API URL Validation Invalid URLs should reject file:// URLs" time="0">
    </testcase>
    <testcase classname="API URL Validation Invalid URLs should reject javascript: URLs" name="API URL Validation Invalid URLs should reject javascript: URLs" time="0">
    </testcase>
    <testcase classname="API URL Validation Edge cases should handle URLs with query parameters" name="API URL Validation Edge cases should handle URLs with query parameters" time="0">
    </testcase>
    <testcase classname="API URL Validation Edge cases should handle URLs with fragments" name="API URL Validation Edge cases should handle URLs with fragments" time="0">
    </testcase>
    <testcase classname="API URL Validation Edge cases should handle URLs with authentication" name="API URL Validation Edge cases should handle URLs with authentication" time="0">
    </testcase>
    <testcase classname="API URL Validation Edge cases should be case-insensitive for localhost" name="API URL Validation Edge cases should be case-insensitive for localhost" time="0">
    </testcase>
  </testsuite>
  <testsuite name="Response Helpers" errors="0" failures="0" skipped="0" timestamp="2025-12-20T07:16:38" time="0.121" tests="14">
    <testcase classname="Response Helpers sendSVG should send SVG with default cache control" name="Response Helpers sendSVG should send SVG with default cache control" time="0.001">
    </testcase>
    <testcase classname="Response Helpers sendSVG should send SVG with custom cache control" name="Response Helpers sendSVG should send SVG with custom cache control" time="0">
    </testcase>
    <testcase classname="Response Helpers sendSVG should send SVG Buffer content" name="Response Helpers sendSVG should send SVG Buffer content" time="0">
    </testcase>
    <testcase classname="Response Helpers sendSVG should handle empty options object" name="Response Helpers sendSVG should handle empty options object" time="0">
    </testcase>
    <testcase classname="Response Helpers sendSVG should set all required security headers" name="Response Helpers sendSVG should set all required security headers" time="0">
    </testcase>
    <testcase classname="Response Helpers sendSVG should handle long-lived cache control" name="Response Helpers sendSVG should handle long-lived cache control" time="0">
    </testcase>
    <testcase classname="Response Helpers sendErrorResponse should send error response with default details" name="Response Helpers sendErrorResponse should send error response with default details" time="0.001">
    </testcase>
    <testcase classname="Response Helpers sendErrorResponse should send error response with custom details" name="Response Helpers sendErrorResponse should send error response with custom details" time="0">
    </testcase>
    <testcase classname="Response Helpers sendErrorResponse should include timestamp in ISO format" name="Response Helpers sendErrorResponse should include timestamp in ISO format" time="0">
    </testcase>
    <testcase classname="Response Helpers sendErrorResponse should handle various status codes" name="Response Helpers sendErrorResponse should handle various status codes" time="0.001">
    </testcase>
    <testcase classname="Response Helpers sendError should send standardized error with code" name="Response Helpers sendError should send standardized error with code" time="0">
    </testcase>
    <testcase classname="Response Helpers sendError should handle all error codes" name="Response Helpers sendError should handle all error codes" time="0.001">
    </testcase>
    <testcase classname="Response Helpers ErrorCodes should export all error codes" name="Response Helpers ErrorCodes should export all error codes" time="0">
    </testcase>
    <testcase classname="Response Helpers ErrorCodes should have consistent naming convention" name="Response Helpers ErrorCodes should have consistent naming convention" time="0.001">
    </testcase>
  </testsuite>
  <testsuite name="Config - Favicon Cache Warming" errors="0" failures="0" skipped="0" timestamp="2025-12-20T07:16:38" time="0.119" tests="8">
    <testcase classname="Config - Favicon Cache Warming FAVICON_WARM_ON_STARTUP configuration should have faviconWarmOnStartup property" name="Config - Favicon Cache Warming FAVICON_WARM_ON_STARTUP configuration should have faviconWarmOnStartup property" time="0">
    </testcase>
    <testcase classname="Config - Favicon Cache Warming FAVICON_WARM_ON_STARTUP configuration should be false by default in test environment" name="Config - Favicon Cache Warming FAVICON_WARM_ON_STARTUP configuration should be false by default in test environment" time="0.001">
    </testcase>
    <testcase classname="Config - Favicon Cache Warming FAVICON_WARM_PROJECT_LIMIT configuration should have faviconWarmProjectLimit property" name="Config - Favicon Cache Warming FAVICON_WARM_PROJECT_LIMIT configuration should have faviconWarmProjectLimit property" time="0">
    </testcase>
    <testcase classname="Config - Favicon Cache Warming FAVICON_WARM_PROJECT_LIMIT configuration should default to 10" name="Config - Favicon Cache Warming FAVICON_WARM_PROJECT_LIMIT configuration should default to 10" time="0">
    </testcase>
    <testcase classname="Config - Favicon Cache Warming FAVICON_WARM_PROJECT_LIMIT configuration should be greater than or equal to 1" name="Config - Favicon Cache Warming FAVICON_WARM_PROJECT_LIMIT configuration should be greater than or equal to 1" time="0">
    </testcase>
    <testcase classname="Config - Favicon Cache Warming FAVICON_WARM_TIMEOUT configuration should have faviconWarmTimeout property" name="Config - Favicon Cache Warming FAVICON_WARM_TIMEOUT configuration should have faviconWarmTimeout property" time="0">
    </testcase>
    <testcase classname="Config - Favicon Cache Warming FAVICON_WARM_TIMEOUT configuration should default to 5000ms" name="Config - Favicon Cache Warming FAVICON_WARM_TIMEOUT configuration should default to 5000ms" time="0">
    </testcase>
    <testcase classname="Config - Favicon Cache Warming FAVICON_WARM_TIMEOUT configuration should be greater than or equal to 1000ms" name="Config - Favicon Cache Warming FAVICON_WARM_TIMEOUT configuration should be greater than or equal to 1000ms" time="0">
    </testcase>
  </testsuite>
  <testsuite name="TimeUtils" errors="0" failures="0" skipped="0" timestamp="2025-12-20T07:16:38" time="0.123" tests="9">
    <testcase classname="TimeUtils formatTimeAgo should return &quot;just now&quot; for timestamps less than 60 seconds ago" name="TimeUtils formatTimeAgo should return &quot;just now&quot; for timestamps less than 60 seconds ago" time="0.001">
    </testcase>
    <testcase classname="TimeUtils formatTimeAgo should return minutes for timestamps between 1-59 minutes ago" name="TimeUtils formatTimeAgo should return minutes for timestamps between 1-59 minutes ago" time="0">
    </testcase>
    <testcase classname="TimeUtils formatTimeAgo should return hours for timestamps between 1-23 hours ago" name="TimeUtils formatTimeAgo should return hours for timestamps between 1-23 hours ago" time="0.001">
    </testcase>
    <testcase classname="TimeUtils formatTimeAgo should return days for timestamps 24 hours or more ago" name="TimeUtils formatTimeAgo should return days for timestamps 24 hours or more ago" time="0">
    </testcase>
    <testcase classname="TimeUtils formatTimeAgo should handle edge cases at time boundaries" name="TimeUtils formatTimeAgo should handle edge cases at time boundaries" time="0.001">
    </testcase>
    <testcase classname="TimeUtils formatTimeAgo should handle current timestamp" name="TimeUtils formatTimeAgo should handle current timestamp" time="0">
    </testcase>
    <testcase classname="TimeUtils formatTimeAgo should floor decimal values correctly" name="TimeUtils formatTimeAgo should floor decimal values correctly" time="0">
    </testcase>
    <testcase classname="TimeUtils module exports should export formatTimeAgo function" name="TimeUtils module exports should export formatTimeAgo function" time="0">
    </testcase>
    <testcase classname="TimeUtils module exports should be attached to window object" name="TimeUtils module exports should be attached to window object" time="0">
    </testcase>
  </testsuite>
</testsuites>